<?xml version="1.0" encoding="UTF-8"?>
<!-- Generated by org.testng.reporters.JUnitReportReporter -->
<testsuite hostname="DESKTOP-V827NF1" failures="0" tests="1" name="Practice.TestngDemo.TestngDemoClass" time="27.513" errors="0" timestamp="6 Jan 2022 15:20:52 GMT">
  <testcase classname="Practice.TestngDemo.TestngDemoClass" name="test" time="27.513"/>
</testsuite> <!-- Practice.TestngDemo.TestngDemoClass -->
